2024-05-15 01:07:24,078 Pickup point test point created successfully by john_doe
2024-05-15 01:07:47,698 Pickup point test point is updated successfully by john_doe
2024-05-15 01:07:50,578 Pickup point test point is removed successfully by john_doe
2024-05-15 22:30:07,514 User basilur profile signed up successfully
2024-05-15 22:30:07,551 User basilur created successfully
2024-05-17 00:56:46,037 User testuser profile signed up successfully
2024-05-17 00:56:46,040 User testuser created successfully
2024-05-17 00:58:36,740 User testuser profile signed up successfully
2024-05-17 00:58:36,744 User testuser created successfully
2024-05-17 01:01:24,657 User testuser profile signed up successfully
2024-05-17 01:01:24,660 User testuser created successfully
2024-05-17 01:07:01,559 User testuser profile signed up successfully
2024-05-17 01:07:01,561 User testuser created successfully
2024-05-17 01:08:36,327 User testuser profile signed up successfully
2024-05-17 01:08:36,329 User testuser created successfully
2024-05-17 01:11:42,002 User testuser profile signed up successfully
2024-05-17 01:11:42,004 User testuser created successfully
2024-05-17 01:15:19,324 User testuser profile signed up successfully
2024-05-17 01:15:19,329 User testuser created successfully
2024-05-17 01:16:32,271 User testuser profile signed up successfully
2024-05-17 01:16:32,277 User testuser created successfully
2024-05-17 01:18:31,114 User testuser profile signed up successfully
2024-05-17 01:18:31,119 User testuser created successfully
2024-05-17 01:20:14,603 User testuser profile signed up successfully
2024-05-17 01:20:14,603 User testuser created successfully
2024-05-17 01:21:12,986 User testuser profile signed up successfully
2024-05-17 01:21:12,986 User testuser created successfully
2024-05-17 01:22:40,190 User testuser profile signed up successfully
2024-05-17 01:22:40,193 User testuser created successfully
2024-05-17 01:25:54,857 User testuser profile signed up successfully
2024-05-17 01:25:54,860 User testuser created successfully
2024-05-17 01:29:52,802 User testuser profile signed up successfully
2024-05-17 01:29:52,806 User testuser created successfully
2024-05-17 01:33:27,686 User testuser profile signed up successfully
2024-05-17 01:33:27,688 User testuser created successfully
